This file contains any messages produced by compilers while
running configure, to aid debugging if configure makes a mistake.

It was created by libogg configure 1.3.2, which was
generated by GNU Autoconf 2.69.  Invocation command line was

  $ configure 

## --------- ##
## Platform. ##
## --------- ##

hostname = FRANKLAP
uname -m = pc
uname -r = 5
uname -s = MS-DOS
uname -v = 50

/usr/bin/uname -p = unknown
/bin/uname -X     = unknown

/bin/arch              = unknown
/usr/bin/arch -k       = unknown
/usr/convex/getsysinfo = unknown
/usr/bin/hostinfo      = unknown
/bin/machine           = unknown
/usr/bin/oslevel       = unknown
/bin/universe          = unknown

PATH: /dev/c/djgpp/bin
PATH: /dev/c/progra~1/cuminas/docume~1/
PATH: /dev/c/windows/system32
PATH: /dev/c/windows
PATH: /dev/c/windows/system32/wbem
PATH: /dev/c/perl/site/bin
PATH: /dev/c/perl/bin
PATH: /dev/c/program files/universal extractor
PATH: /dev/c/program files/universal extractor/bin
PATH: /dev/c/progra~1/mifd68~1/bin/.
PATH: /dev/c/progra~1/mifd68~1/bin/winnt/.
PATH: /dev/c/progra~1/micros~2/common/tools/winnt
PATH: /dev/c/progra~1/micros~2/common/msdev98/bin
PATH: /dev/c/progra~1/micros~2/common/tools
PATH: /dev/c/progra~1/micros~2/vc98/bin
PATH: /dev/c/progra~1/mifd68~1/bin/.
PATH: /dev/c/progra~1/mifd68~1/bin/winnt/.


## ----------- ##
## Core tests. ##
## ----------- ##

configure:2314: loading site script c:/djgpp/share/config.site
| #! /bin/sh
| # Version 1.3 by Mark E. Updated April 9, 2001.
| # Modify or replace this file only if you know what your doing.
| 
| # Sanity check
| 
| if test "x${DJDIR}" = "x"; then
|   echo "Your DJGPP installation is not setup correctly. DJDIR is not set."
|   exit 1
| fi
| 
| # The root of the DJGPP tree serves as the default prefix.
| # Allow for cases where a top-level Cygnus/Red Hat-style configure script
| # calls Autoconf configure scripts in subdirectories.
| if test "x$ac_default_prefix" = "x/usr/local"; then
| ac_default_prefix="/dev/env/DJDIR"
| fi
| 
| # This is required for config.status script to be run, since
| # ./configure runs it by invoking ${CONFIG_SHELL-/bin/sh}
| 
| export CONFIG_SHELL='/dev/env/DJDIR/bin/sh.exe'
| export SHELL=${CONFIG_SHELL}
| 
| # $INSTALL must be an absolute path name, otherwise config.status
| # will try to prepend ./ and ../ to it when it goes into subdirs.
| 
| export INSTALL=${INSTALL='/dev/env/DJDIR/bin/ginstall -c'}
| 
| # Help out libtool
| ac_exeext=".exe"
| export lt_cv_sys_max_cmd_len=12288
| 
| # Variables to help DJGPP tools be detected.
| if test -n "${PACKAGE_VERSION}" ; then
| ac_executable_extensions=".exe"
| export PATH_SEPARATOR=';'
| else
| # Settings for Autoconf 2.50 and above.
| export PATH_SEPARATOR=:
| fi
| 
| export TEST_FINDS_EXE=Y
| 
| # Force the test for 'ln -s' to report no.
| export LN_S="cp -p"
| ac_cv_prog_LN_S="cp -p"
| 
configure:2458: checking for a BSD-compatible install
configure:2526: result: /dev/env/DJDIR/bin/ginstall -c
configure:2537: checking whether build environment is sane
configure:2592: result: yes
configure:2743: checking for a thread-safe mkdir -p
configure:2782: result: c:/djgpp/bin/mkdir -p
configure:2789: checking for gawk
configure:2805: found c:/djgpp/bin/gawk
configure:2816: result: gawk
configure:2827: checking whether make sets $(MAKE)
configure:2849: result: yes
configure:2878: checking whether make supports nested variables
configure:2895: result: yes
configure:2980: checking whether to enable maintainer-specific portions of Makefiles
configure:2989: result: yes
configure:3059: checking for gcc
configure:3075: found c:/djgpp/bin/gcc
configure:3086: result: gcc
configure:3315: checking for C compiler version
configure:3324: gcc --version >&5
2.953
configure:3335: $? = 0
configure:3324: gcc -v >&5
Reading specs from c:/djgpp/lib/specs
gcc version 2.95.3 20010315/djgpp (release)
configure:3335: $? = 0
configure:3324: gcc -V >&5
gcc.exe: argument to `-V' is missing
configure:3335: $? = 1
configure:3324: gcc -qversion >&5
gcc.exe: unrecognized option `-qversion'
gcc.exe: No input files
configure:3335: $? = 1
configure:3355: checking whether the C compiler works
configure:3377: gcc    conftest.c  >&5
configure:3381: $? = 0
configure:3429: result: yes
configure:3432: checking for C compiler default output file name
configure:3434: result: a.out
configure:3440: checking for suffix of executables
configure:3447: gcc -o conftest    conftest.c  >&5
configure:3451: $? = 0
configure:3473: result: .exe
configure:3495: checking whether we are cross compiling
configure:3503: gcc -o conftest.exe    conftest.c  >&5
configure:3507: $? = 0
configure:3514: ./conftest.exe
configure:3518: $? = 0
configure:3533: result: no
configure:3538: checking for suffix of object files
configure:3560: gcc -c   conftest.c >&5
configure:3564: $? = 0
configure:3585: result: o
configure:3589: checking whether we are using the GNU C compiler
configure:3608: gcc -c   conftest.c >&5
configure:3608: $? = 0
configure:3617: result: yes
configure:3626: checking whether gcc accepts -g
configure:3646: gcc -c -g  conftest.c >&5
configure:3646: $? = 0
configure:3687: result: yes
configure:3704: checking for gcc option to accept ISO C89
configure:3767: gcc  -c -g -O2  conftest.c >&5
configure:3767: $? = 0
configure:3780: result: none needed
configure:3811: checking for style of include used by make
configure:3839: result: GNU
configure:3865: checking dependency style of gcc
configure:3976: result: gcc
configure:4020: checking build system type
configure:4034: result: i586-pc-msdosdjgpp
configure:4054: checking host system type
configure:4067: result: i586-pc-msdosdjgpp
configure:4108: checking how to print strings
configure:4135: result: printf
configure:4156: checking for a sed that does not truncate output
configure:4220: result: c:/djgpp/bin/sed
configure:4238: checking for grep that handles long lines and -e
configure:4296: result: c:/djgpp/bin/grep
configure:4301: checking for egrep
configure:4363: result: c:/djgpp/bin/grep -E
configure:4368: checking for fgrep
configure:4430: result: c:/djgpp/bin/grep -F
configure:4465: checking for ld used by gcc
configure:4532: result: c:/djgpp/bin/ld.exe
configure:4539: checking if the linker (c:/djgpp/bin/ld.exe) is GNU ld
configure:4554: result: yes
configure:4566: checking for BSD- or MS-compatible name lister (nm)
configure:4615: result: c:/djgpp/bin/nm
configure:4745: checking the name lister (c:/djgpp/bin/nm) interface
configure:4752: gcc -c -g -O2  conftest.c >&5
configure:4755: c:/djgpp/bin/nm "conftest.o"
configure:4758: output
00000000 b .bss
00000000 d .data
00000000 t .text
00000000 t ___gnu_compiled_c
00000000 D _some_variable
00000000 t gcc2_compiled.
configure:4765: result: BSD nm
configure:4768: checking whether ln -s works
configure:4775: result: no, using ln
configure:4780: checking the maximum length of command line arguments
configure:4910: result: 12288
configure:4927: checking whether the shell understands some XSI constructs
configure:4937: result: yes
configure:4941: checking whether the shell understands "+="
configure:4947: result: no
configure:4982: checking how to convert i586-pc-msdosdjgpp file names to i586-pc-msdosdjgpp format
configure:5022: result: func_convert_file_noop
configure:5029: checking how to convert i586-pc-msdosdjgpp file names to toolchain format
configure:5049: result: func_convert_file_noop
configure:5056: checking for c:/djgpp/bin/ld.exe option to reload object files
configure:5063: result: -r
configure:5137: checking for objdump
configure:5153: found c:/djgpp/bin/objdump
configure:5164: result: objdump
configure:5196: checking how to recognize dependent libraries
configure:5398: result: unknown
configure:5483: checking for dlltool
configure:5513: result: no
configure:5543: checking how to associate runtime and link libraries
configure:5570: result: printf %s\n
configure:5631: checking for ar
configure:5647: found c:/djgpp/bin/ar
configure:5658: result: ar
configure:5695: checking for archiver @FILE support
configure:5712: gcc -c -g -O2  conftest.c >&5
configure:5712: $? = 0
configure:5715: ar cru libconftest.a @conftest.lst >&5
configure:5718: $? = 0
configure:5723: ar cru libconftest.a @conftest.lst >&5
c:/djgpp/bin/ar.exe: conftest.o: No such file or directory (ENOENT)
configure:5726: $? = 1
configure:5738: result: @
configure:5796: checking for strip
configure:5812: found c:/djgpp/bin/strip
configure:5823: result: strip
configure:5895: checking for ranlib
configure:5911: found c:/djgpp/bin/ranlib
configure:5922: result: ranlib
configure:6024: checking command to parse c:/djgpp/bin/nm output from gcc object
configure:6144: gcc -c -g -O2  conftest.c >&5
configure:6147: $? = 0
configure:6151: c:/djgpp/bin/nm conftest.o \| sed -n -e 's/^.*[ ]\([ABCDGIRSTW][ABCDGIRSTW]*\)[ ][ ]*\([_A-Za-z][_A-Za-z0-9]*\)$/\1 \2 \2/p' | sed '/ __gnu_lto/d' \> conftest.nm
configure:6154: $? = 0
cannot find nm_test_var in conftest.nm
configure:6144: gcc -c -g -O2  conftest.c >&5
configure:6147: $? = 0
configure:6151: c:/djgpp/bin/nm conftest.o \| sed -n -e 's/^.*[ ]\([ABCDGIRSTW][ABCDGIRSTW]*\)[ ][ ]*_\([_A-Za-z][_A-Za-z0-9]*\)$/\1 _\2 \2/p' | sed '/ __gnu_lto/d' \> conftest.nm
configure:6154: $? = 0
configure:6220: gcc -o conftest.exe -g -O2   conftest.c conftstm.o >&5
configure:6223: $? = 0
configure:6261: result: ok
configure:6298: checking for sysroot
configure:6328: result: no
configure:6590: checking for mt
configure:6606: found c:/progra~1/mifd68~1/bin/winnt/./mt
configure:6617: result: mt
configure:6640: checking if mt is a manifest tool
configure:6646: mt '-?'
configure:6654: result: yes
configure:7296: checking how to run the C preprocessor
configure:7327: gcc -E  conftest.c
configure:7327: $? = 0
configure:7341: gcc -E  conftest.c
conftest.c:11: ac_nonexistent.h: No such file or directory (ENOENT)
configure:7341: $? = 1
configure: failed program was:
| /* confdefs.h */
| #define PACKAGE_NAME "libogg"
| #define PACKAGE_TARNAME "libogg"
| #define PACKAGE_VERSION "1.3.2"
| #define PACKAGE_STRING "libogg 1.3.2"
| #define PACKAGE_BUGREPORT "ogg-dev@xiph.org"
| #define PACKAGE_URL ""
| #define PACKAGE "libogg"
| #define VERSION "1.3.2"
| /* end confdefs.h.  */
| #include <ac_nonexistent.h>
configure:7366: result: gcc -E
configure:7386: gcc -E  conftest.c
configure:7386: $? = 0
configure:7400: gcc -E  conftest.c
conftest.c:11: ac_nonexistent.h: No such file or directory (ENOENT)
configure:7400: $? = 1
configure: failed program was:
| /* confdefs.h */
| #define PACKAGE_NAME "libogg"
| #define PACKAGE_TARNAME "libogg"
| #define PACKAGE_VERSION "1.3.2"
| #define PACKAGE_STRING "libogg 1.3.2"
| #define PACKAGE_BUGREPORT "ogg-dev@xiph.org"
| #define PACKAGE_URL ""
| #define PACKAGE "libogg"
| #define VERSION "1.3.2"
| /* end confdefs.h.  */
| #include <ac_nonexistent.h>
configure:7429: checking for ANSI C header files
configure:7449: gcc -c -g -O2  conftest.c >&5
configure:7449: $? = 0
configure:7519: gcc -o conftest.exe -g -O2   conftest.c  >&5
configure:7519: $? = 0
configure:7519: ./conftest.exe
configure:7519: $? = 0
configure:7530: result: yes
configure:7543: checking for sys/types.h
configure:7543: gcc -c -g -O2  conftest.c >&5
configure:7543: $? = 0
configure:7543: result: yes
configure:7543: checking for sys/stat.h
configure:7543: gcc -c -g -O2  conftest.c >&5
configure:7543: $? = 0
configure:7543: result: yes
configure:7543: checking for stdlib.h
configure:7543: gcc -c -g -O2  conftest.c >&5
configure:7543: $? = 0
configure:7543: result: yes
configure:7543: checking for string.h
configure:7543: gcc -c -g -O2  conftest.c >&5
configure:7543: $? = 0
configure:7543: result: yes
configure:7543: checking for memory.h
configure:7543: gcc -c -g -O2  conftest.c >&5
configure:7543: $? = 0
configure:7543: result: yes
configure:7543: checking for strings.h
configure:7543: gcc -c -g -O2  conftest.c >&5
configure:7543: $? = 0
configure:7543: result: yes
configure:7543: checking for inttypes.h
configure:7543: gcc -c -g -O2  conftest.c >&5
conftest.c:52: inttypes.h: No such file or directory (ENOENT)
configure:7543: $? = 1
configure: failed program was:
| /* confdefs.h */
| #define PACKAGE_NAME "libogg"
| #define PACKAGE_TARNAME "libogg"
| #define PACKAGE_VERSION "1.3.2"
| #define PACKAGE_STRING "libogg 1.3.2"
| #define PACKAGE_BUGREPORT "ogg-dev@xiph.org"
| #define PACKAGE_URL ""
| #define PACKAGE "libogg"
| #define VERSION "1.3.2"
| #define STDC_HEADERS 1
| #define HAVE_SYS_TYPES_H 1
| #define HAVE_SYS_STAT_H 1
| #define HAVE_STDLIB_H 1
| #define HAVE_STRING_H 1
| #define HAVE_MEMORY_H 1
| #define HAVE_STRINGS_H 1
| /* end confdefs.h.  */
| #include <stdio.h>
| #ifdef HAVE_SYS_TYPES_H
| # include <sys/types.h>
| #endif
| #ifdef HAVE_SYS_STAT_H
| # include <sys/stat.h>
| #endif
| #ifdef STDC_HEADERS
| # include <stdlib.h>
| # include <stddef.h>
| #else
| # ifdef HAVE_STDLIB_H
| #  include <stdlib.h>
| # endif
| #endif
| #ifdef HAVE_STRING_H
| # if !defined STDC_HEADERS && defined HAVE_MEMORY_H
| #  include <memory.h>
| # endif
| # include <string.h>
| #endif
| #ifdef HAVE_STRINGS_H
| # include <strings.h>
| #endif
| #ifdef HAVE_INTTYPES_H
| # include <inttypes.h>
| #endif
| #ifdef HAVE_STDINT_H
| # include <stdint.h>
| #endif
| #ifdef HAVE_UNISTD_H
| # include <unistd.h>
| #endif
| 
| #include <inttypes.h>
configure:7543: result: no
configure:7543: checking for stdint.h
configure:7543: gcc -c -g -O2  conftest.c >&5
conftest.c:52: stdint.h: No such file or directory (ENOENT)
configure:7543: $? = 1
configure: failed program was:
| /* confdefs.h */
| #define PACKAGE_NAME "libogg"
| #define PACKAGE_TARNAME "libogg"
| #define PACKAGE_VERSION "1.3.2"
| #define PACKAGE_STRING "libogg 1.3.2"
| #define PACKAGE_BUGREPORT "ogg-dev@xiph.org"
| #define PACKAGE_URL ""
| #define PACKAGE "libogg"
| #define VERSION "1.3.2"
| #define STDC_HEADERS 1
| #define HAVE_SYS_TYPES_H 1
| #define HAVE_SYS_STAT_H 1
| #define HAVE_STDLIB_H 1
| #define HAVE_STRING_H 1
| #define HAVE_MEMORY_H 1
| #define HAVE_STRINGS_H 1
| /* end confdefs.h.  */
| #include <stdio.h>
| #ifdef HAVE_SYS_TYPES_H
| # include <sys/types.h>
| #endif
| #ifdef HAVE_SYS_STAT_H
| # include <sys/stat.h>
| #endif
| #ifdef STDC_HEADERS
| # include <stdlib.h>
| # include <stddef.h>
| #else
| # ifdef HAVE_STDLIB_H
| #  include <stdlib.h>
| # endif
| #endif
| #ifdef HAVE_STRING_H
| # if !defined STDC_HEADERS && defined HAVE_MEMORY_H
| #  include <memory.h>
| # endif
| # include <string.h>
| #endif
| #ifdef HAVE_STRINGS_H
| # include <strings.h>
| #endif
| #ifdef HAVE_INTTYPES_H
| # include <inttypes.h>
| #endif
| #ifdef HAVE_STDINT_H
| # include <stdint.h>
| #endif
| #ifdef HAVE_UNISTD_H
| # include <unistd.h>
| #endif
| 
| #include <stdint.h>
configure:7543: result: no
configure:7543: checking for unistd.h
configure:7543: gcc -c -g -O2  conftest.c >&5
configure:7543: $? = 0
configure:7543: result: yes
configure:7557: checking for dlfcn.h
configure:7557: gcc -c -g -O2  conftest.c >&5
conftest.c:53: dlfcn.h: No such file or directory (ENOENT)
configure:7557: $? = 1
configure: failed program was:
| /* confdefs.h */
| #define PACKAGE_NAME "libogg"
| #define PACKAGE_TARNAME "libogg"
| #define PACKAGE_VERSION "1.3.2"
| #define PACKAGE_STRING "libogg 1.3.2"
| #define PACKAGE_BUGREPORT "ogg-dev@xiph.org"
| #define PACKAGE_URL ""
| #define PACKAGE "libogg"
| #define VERSION "1.3.2"
| #define STDC_HEADERS 1
| #define HAVE_SYS_TYPES_H 1
| #define HAVE_SYS_STAT_H 1
| #define HAVE_STDLIB_H 1
| #define HAVE_STRING_H 1
| #define HAVE_MEMORY_H 1
| #define HAVE_STRINGS_H 1
| #define HAVE_UNISTD_H 1
| /* end confdefs.h.  */
| #include <stdio.h>
| #ifdef HAVE_SYS_TYPES_H
| # include <sys/types.h>
| #endif
| #ifdef HAVE_SYS_STAT_H
| # include <sys/stat.h>
| #endif
| #ifdef STDC_HEADERS
| # include <stdlib.h>
| # include <stddef.h>
| #else
| # ifdef HAVE_STDLIB_H
| #  include <stdlib.h>
| # endif
| #endif
| #ifdef HAVE_STRING_H
| # if !defined STDC_HEADERS && defined HAVE_MEMORY_H
| #  include <memory.h>
| # endif
| # include <string.h>
| #endif
| #ifdef HAVE_STRINGS_H
| # include <strings.h>
| #endif
| #ifdef HAVE_INTTYPES_H
| # include <inttypes.h>
| #endif
| #ifdef HAVE_STDINT_H
| # include <stdint.h>
| #endif
| #ifdef HAVE_UNISTD_H
| # include <unistd.h>
| #endif
| 
| #include <dlfcn.h>
configure:7557: result: no
configure:7763: checking for objdir
configure:7778: result: .libs
configure:8045: checking if gcc supports -fno-rtti -fno-exceptions
configure:8063: gcc -c -g -O2  -fno-rtti -fno-exceptions conftest.c >&5
configure:8067: $? = 0
configure:8080: result: yes
configure:8407: checking for gcc option to produce PIC
configure:8414: result: 
configure:8486: checking if gcc static flag -static works
configure:8514: result: yes
configure:8529: checking if gcc supports -c -o file.o
configure:8550: gcc -c -g -O2  -o out/conftest2.o conftest.c >&5
configure:8554: $? = 0
configure:8576: result: yes
configure:8584: checking if gcc supports -c -o file.o
configure:8631: result: yes
configure:8664: checking whether the gcc linker (c:/djgpp/bin/ld.exe) supports shared libraries
configure:9817: result: no
configure:10057: checking dynamic linker characteristics
configure:10794: result: no
configure:10901: checking how to hardcode library paths into programs
configure:10926: result: unsupported
configure:11466: checking whether stripping libraries is possible
configure:11471: result: yes
configure:11506: checking if libtool supports shared libraries
configure:11508: result: no
configure:11511: checking whether to build shared libraries
configure:11532: result: no
configure:11535: checking whether to build static libraries
configure:11539: result: yes
configure:11577: checking whether gcc and cc understand -c and -o together
configure:11608: gcc -c conftest.c -o conftest2.o >&5
configure:11612: $? = 0
configure:11618: gcc -c conftest.c -o conftest2.o >&5
configure:11622: $? = 0
configure:11633: cc -c conftest.c >&5
configure: cc: command not found
configure:11637: $? = 127
configure:11677: result: yes
configure:11753: checking for ANSI C header files
configure:11854: result: yes
configure:11865: checking for inttypes.h
configure:11865: result: no
configure:11871: checking for stdint.h
configure:11871: result: no
configure:11877: checking for sys/types.h
configure:11877: result: yes
configure:11884: checking for an ANSI C-conforming const
configure:11950: gcc -c -O20 -fsigned-char -g -O2  conftest.c >&5
configure:11950: $? = 0
configure:11957: result: yes
configure:11971: checking size of int16_t
configure:11976: gcc -o conftest.exe -O20 -fsigned-char -g -O2   conftest.c  >&5
conftest.c: In function `longval':
conftest.c:54: `int16_t' undeclared (first use in this function)
conftest.c:54: (Each undeclared identifier is reported only once
conftest.c:54: for each function it appears in.)
conftest.c: In function `ulongval':
conftest.c:55: `int16_t' undeclared (first use in this function)
conftest.c: In function `main':
conftest.c:65: `int16_t' undeclared (first use in this function)
configure:11976: $? = 1
configure: program exited with status 1
configure: failed program was:
| /* confdefs.h */
| #define PACKAGE_NAME "libogg"
| #define PACKAGE_TARNAME "libogg"
| #define PACKAGE_VERSION "1.3.2"
| #define PACKAGE_STRING "libogg 1.3.2"
| #define PACKAGE_BUGREPORT "ogg-dev@xiph.org"
| #define PACKAGE_URL ""
| #define PACKAGE "libogg"
| #define VERSION "1.3.2"
| #define STDC_HEADERS 1
| #define HAVE_SYS_TYPES_H 1
| #define HAVE_SYS_STAT_H 1
| #define HAVE_STDLIB_H 1
| #define HAVE_STRING_H 1
| #define HAVE_MEMORY_H 1
| #define HAVE_STRINGS_H 1
| #define HAVE_UNISTD_H 1
| #define LT_OBJDIR ".libs/"
| #define STDC_HEADERS 1
| /* end confdefs.h.  */
| #include <stdio.h>
| #ifdef HAVE_SYS_TYPES_H
| # include <sys/types.h>
| #endif
| #ifdef HAVE_SYS_STAT_H
| # include <sys/stat.h>
| #endif
| #ifdef STDC_HEADERS
| # include <stdlib.h>
| # include <stddef.h>
| #else
| # ifdef HAVE_STDLIB_H
| #  include <stdlib.h>
| # endif
| #endif
| #ifdef HAVE_STRING_H
| # if !defined STDC_HEADERS && defined HAVE_MEMORY_H
| #  include <memory.h>
| # endif
| # include <string.h>
| #endif
| #ifdef HAVE_STRINGS_H
| # include <strings.h>
| #endif
| #ifdef HAVE_INTTYPES_H
| # include <inttypes.h>
| #endif
| #ifdef HAVE_STDINT_H
| # include <stdint.h>
| #endif
| #ifdef HAVE_UNISTD_H
| # include <unistd.h>
| #endif
| static long int longval () { return (long int) (sizeof (int16_t)); }
| static unsigned long int ulongval () { return (long int) (sizeof (int16_t)); }
| #include <stdio.h>
| #include <stdlib.h>
| int
| main ()
| {
| 
|   FILE *f = fopen ("conftest.val", "w");
|   if (! f)
|     return 1;
|   if (((long int) (sizeof (int16_t))) < 0)
|     {
|       long int i = longval ();
|       if (i != ((long int) (sizeof (int16_t))))
| 	return 1;
|       fprintf (f, "%ld", i);
|     }
|   else
|     {
|       unsigned long int i = ulongval ();
|       if (i != ((long int) (sizeof (int16_t))))
| 	return 1;
|       fprintf (f, "%lu", i);
|     }
|   /* Do not output a trailing newline, as this causes \r\n confusion
|      on some platforms.  */
|   return ferror (f) || fclose (f) != 0;
| 
|   ;
|   return 0;
| }
configure:11990: result: 0
configure:12004: checking size of uint16_t
configure:12009: gcc -o conftest.exe -O20 -fsigned-char -g -O2   conftest.c  >&5
conftest.c: In function `longval':
conftest.c:55: `uint16_t' undeclared (first use in this function)
conftest.c:55: (Each undeclared identifier is reported only once
conftest.c:55: for each function it appears in.)
conftest.c: In function `ulongval':
conftest.c:56: `uint16_t' undeclared (first use in this function)
conftest.c: In function `main':
conftest.c:66: `uint16_t' undeclared (first use in this function)
configure:12009: $? = 1
configure: program exited with status 1
configure: failed program was:
| /* confdefs.h */
| #define PACKAGE_NAME "libogg"
| #define PACKAGE_TARNAME "libogg"
| #define PACKAGE_VERSION "1.3.2"
| #define PACKAGE_STRING "libogg 1.3.2"
| #define PACKAGE_BUGREPORT "ogg-dev@xiph.org"
| #define PACKAGE_URL ""
| #define PACKAGE "libogg"
| #define VERSION "1.3.2"
| #define STDC_HEADERS 1
| #define HAVE_SYS_TYPES_H 1
| #define HAVE_SYS_STAT_H 1
| #define HAVE_STDLIB_H 1
| #define HAVE_STRING_H 1
| #define HAVE_MEMORY_H 1
| #define HAVE_STRINGS_H 1
| #define HAVE_UNISTD_H 1
| #define LT_OBJDIR ".libs/"
| #define STDC_HEADERS 1
| #define SIZEOF_INT16_T 0
| /* end confdefs.h.  */
| #include <stdio.h>
| #ifdef HAVE_SYS_TYPES_H
| # include <sys/types.h>
| #endif
| #ifdef HAVE_SYS_STAT_H
| # include <sys/stat.h>
| #endif
| #ifdef STDC_HEADERS
| # include <stdlib.h>
| # include <stddef.h>
| #else
| # ifdef HAVE_STDLIB_H
| #  include <stdlib.h>
| # endif
| #endif
| #ifdef HAVE_STRING_H
| # if !defined STDC_HEADERS && defined HAVE_MEMORY_H
| #  include <memory.h>
| # endif
| # include <string.h>
| #endif
| #ifdef HAVE_STRINGS_H
| # include <strings.h>
| #endif
| #ifdef HAVE_INTTYPES_H
| # include <inttypes.h>
| #endif
| #ifdef HAVE_STDINT_H
| # include <stdint.h>
| #endif
| #ifdef HAVE_UNISTD_H
| # include <unistd.h>
| #endif
| static long int longval () { return (long int) (sizeof (uint16_t)); }
| static unsigned long int ulongval () { return (long int) (sizeof (uint16_t)); }
| #include <stdio.h>
| #include <stdlib.h>
| int
| main ()
| {
| 
|   FILE *f = fopen ("conftest.val", "w");
|   if (! f)
|     return 1;
|   if (((long int) (sizeof (uint16_t))) < 0)
|     {
|       long int i = longval ();
|       if (i != ((long int) (sizeof (uint16_t))))
| 	return 1;
|       fprintf (f, "%ld", i);
|     }
|   else
|     {
|       unsigned long int i = ulongval ();
|       if (i != ((long int) (sizeof (uint16_t))))
| 	return 1;
|       fprintf (f, "%lu", i);
|     }
|   /* Do not output a trailing newline, as this causes \r\n confusion
|      on some platforms.  */
|   return ferror (f) || fclose (f) != 0;
| 
|   ;
|   return 0;
| }
configure:12023: result: 0
configure:12037: checking size of u_int16_t
configure:12042: gcc -o conftest.exe -O20 -fsigned-char -g -O2   conftest.c  >&5
conftest.c: In function `longval':
conftest.c:56: `u_int16_t' undeclared (first use in this function)
conftest.c:56: (Each undeclared identifier is reported only once
conftest.c:56: for each function it appears in.)
conftest.c: In function `ulongval':
conftest.c:57: `u_int16_t' undeclared (first use in this function)
conftest.c: In function `main':
conftest.c:67: `u_int16_t' undeclared (first use in this function)
configure:12042: $? = 1
configure: program exited with status 1
configure: failed program was:
| /* confdefs.h */
| #define PACKAGE_NAME "libogg"
| #define PACKAGE_TARNAME "libogg"
| #define PACKAGE_VERSION "1.3.2"
| #define PACKAGE_STRING "libogg 1.3.2"
| #define PACKAGE_BUGREPORT "ogg-dev@xiph.org"
| #define PACKAGE_URL ""
| #define PACKAGE "libogg"
| #define VERSION "1.3.2"
| #define STDC_HEADERS 1
| #define HAVE_SYS_TYPES_H 1
| #define HAVE_SYS_STAT_H 1
| #define HAVE_STDLIB_H 1
| #define HAVE_STRING_H 1
| #define HAVE_MEMORY_H 1
| #define HAVE_STRINGS_H 1
| #define HAVE_UNISTD_H 1
| #define LT_OBJDIR ".libs/"
| #define STDC_HEADERS 1
| #define SIZEOF_INT16_T 0
| #define SIZEOF_UINT16_T 0
| /* end confdefs.h.  */
| #include <stdio.h>
| #ifdef HAVE_SYS_TYPES_H
| # include <sys/types.h>
| #endif
| #ifdef HAVE_SYS_STAT_H
| # include <sys/stat.h>
| #endif
| #ifdef STDC_HEADERS
| # include <stdlib.h>
| # include <stddef.h>
| #else
| # ifdef HAVE_STDLIB_H
| #  include <stdlib.h>
| # endif
| #endif
| #ifdef HAVE_STRING_H
| # if !defined STDC_HEADERS && defined HAVE_MEMORY_H
| #  include <memory.h>
| # endif
| # include <string.h>
| #endif
| #ifdef HAVE_STRINGS_H
| # include <strings.h>
| #endif
| #ifdef HAVE_INTTYPES_H
| # include <inttypes.h>
| #endif
| #ifdef HAVE_STDINT_H
| # include <stdint.h>
| #endif
| #ifdef HAVE_UNISTD_H
| # include <unistd.h>
| #endif
| static long int longval () { return (long int) (sizeof (u_int16_t)); }
| static unsigned long int ulongval () { return (long int) (sizeof (u_int16_t)); }
| #include <stdio.h>
| #include <stdlib.h>
| int
| main ()
| {
| 
|   FILE *f = fopen ("conftest.val", "w");
|   if (! f)
|     return 1;
|   if (((long int) (sizeof (u_int16_t))) < 0)
|     {
|       long int i = longval ();
|       if (i != ((long int) (sizeof (u_int16_t))))
| 	return 1;
|       fprintf (f, "%ld", i);
|     }
|   else
|     {
|       unsigned long int i = ulongval ();
|       if (i != ((long int) (sizeof (u_int16_t))))
| 	return 1;
|       fprintf (f, "%lu", i);
|     }
|   /* Do not output a trailing newline, as this causes \r\n confusion
|      on some platforms.  */
|   return ferror (f) || fclose (f) != 0;
| 
|   ;
|   return 0;
| }
configure:12056: result: 0
configure:12070: checking size of int32_t
configure:12075: gcc -o conftest.exe -O20 -fsigned-char -g -O2   conftest.c  >&5
conftest.c: In function `longval':
conftest.c:57: `int32_t' undeclared (first use in this function)
conftest.c:57: (Each undeclared identifier is reported only once
conftest.c:57: for each function it appears in.)
conftest.c: In function `ulongval':
conftest.c:58: `int32_t' undeclared (first use in this function)
conftest.c: In function `main':
conftest.c:68: `int32_t' undeclared (first use in this function)
configure:12075: $? = 1
configure: program exited with status 1
configure: failed program was:
| /* confdefs.h */
| #define PACKAGE_NAME "libogg"
| #define PACKAGE_TARNAME "libogg"
| #define PACKAGE_VERSION "1.3.2"
| #define PACKAGE_STRING "libogg 1.3.2"
| #define PACKAGE_BUGREPORT "ogg-dev@xiph.org"
| #define PACKAGE_URL ""
| #define PACKAGE "libogg"
| #define VERSION "1.3.2"
| #define STDC_HEADERS 1
| #define HAVE_SYS_TYPES_H 1
| #define HAVE_SYS_STAT_H 1
| #define HAVE_STDLIB_H 1
| #define HAVE_STRING_H 1
| #define HAVE_MEMORY_H 1
| #define HAVE_STRINGS_H 1
| #define HAVE_UNISTD_H 1
| #define LT_OBJDIR ".libs/"
| #define STDC_HEADERS 1
| #define SIZEOF_INT16_T 0
| #define SIZEOF_UINT16_T 0
| #define SIZEOF_U_INT16_T 0
| /* end confdefs.h.  */
| #include <stdio.h>
| #ifdef HAVE_SYS_TYPES_H
| # include <sys/types.h>
| #endif
| #ifdef HAVE_SYS_STAT_H
| # include <sys/stat.h>
| #endif
| #ifdef STDC_HEADERS
| # include <stdlib.h>
| # include <stddef.h>
| #else
| # ifdef HAVE_STDLIB_H
| #  include <stdlib.h>
| # endif
| #endif
| #ifdef HAVE_STRING_H
| # if !defined STDC_HEADERS && defined HAVE_MEMORY_H
| #  include <memory.h>
| # endif
| # include <string.h>
| #endif
| #ifdef HAVE_STRINGS_H
| # include <strings.h>
| #endif
| #ifdef HAVE_INTTYPES_H
| # include <inttypes.h>
| #endif
| #ifdef HAVE_STDINT_H
| # include <stdint.h>
| #endif
| #ifdef HAVE_UNISTD_H
| # include <unistd.h>
| #endif
| static long int longval () { return (long int) (sizeof (int32_t)); }
| static unsigned long int ulongval () { return (long int) (sizeof (int32_t)); }
| #include <stdio.h>
| #include <stdlib.h>
| int
| main ()
| {
| 
|   FILE *f = fopen ("conftest.val", "w");
|   if (! f)
|     return 1;
|   if (((long int) (sizeof (int32_t))) < 0)
|     {
|       long int i = longval ();
|       if (i != ((long int) (sizeof (int32_t))))
| 	return 1;
|       fprintf (f, "%ld", i);
|     }
|   else
|     {
|       unsigned long int i = ulongval ();
|       if (i != ((long int) (sizeof (int32_t))))
| 	return 1;
|       fprintf (f, "%lu", i);
|     }
|   /* Do not output a trailing newline, as this causes \r\n confusion
|      on some platforms.  */
|   return ferror (f) || fclose (f) != 0;
| 
|   ;
|   return 0;
| }
configure:12089: result: 0
configure:12103: checking size of uint32_t
configure:12108: gcc -o conftest.exe -O20 -fsigned-char -g -O2   conftest.c  >&5
conftest.c: In function `longval':
conftest.c:58: `uint32_t' undeclared (first use in this function)
conftest.c:58: (Each undeclared identifier is reported only once
conftest.c:58: for each function it appears in.)
conftest.c: In function `ulongval':
conftest.c:59: `uint32_t' undeclared (first use in this function)
conftest.c: In function `main':
conftest.c:69: `uint32_t' undeclared (first use in this function)
configure:12108: $? = 1
configure: program exited with status 1
configure: failed program was:
| /* confdefs.h */
| #define PACKAGE_NAME "libogg"
| #define PACKAGE_TARNAME "libogg"
| #define PACKAGE_VERSION "1.3.2"
| #define PACKAGE_STRING "libogg 1.3.2"
| #define PACKAGE_BUGREPORT "ogg-dev@xiph.org"
| #define PACKAGE_URL ""
| #define PACKAGE "libogg"
| #define VERSION "1.3.2"
| #define STDC_HEADERS 1
| #define HAVE_SYS_TYPES_H 1
| #define HAVE_SYS_STAT_H 1
| #define HAVE_STDLIB_H 1
| #define HAVE_STRING_H 1
| #define HAVE_MEMORY_H 1
| #define HAVE_STRINGS_H 1
| #define HAVE_UNISTD_H 1
| #define LT_OBJDIR ".libs/"
| #define STDC_HEADERS 1
| #define SIZEOF_INT16_T 0
| #define SIZEOF_UINT16_T 0
| #define SIZEOF_U_INT16_T 0
| #define SIZEOF_INT32_T 0
| /* end confdefs.h.  */
| #include <stdio.h>
| #ifdef HAVE_SYS_TYPES_H
| # include <sys/types.h>
| #endif
| #ifdef HAVE_SYS_STAT_H
| # include <sys/stat.h>
| #endif
| #ifdef STDC_HEADERS
| # include <stdlib.h>
| # include <stddef.h>
| #else
| # ifdef HAVE_STDLIB_H
| #  include <stdlib.h>
| # endif
| #endif
| #ifdef HAVE_STRING_H
| # if !defined STDC_HEADERS && defined HAVE_MEMORY_H
| #  include <memory.h>
| # endif
| # include <string.h>
| #endif
| #ifdef HAVE_STRINGS_H
| # include <strings.h>
| #endif
| #ifdef HAVE_INTTYPES_H
| # include <inttypes.h>
| #endif
| #ifdef HAVE_STDINT_H
| # include <stdint.h>
| #endif
| #ifdef HAVE_UNISTD_H
| # include <unistd.h>
| #endif
| static long int longval () { return (long int) (sizeof (uint32_t)); }
| static unsigned long int ulongval () { return (long int) (sizeof (uint32_t)); }
| #include <stdio.h>
| #include <stdlib.h>
| int
| main ()
| {
| 
|   FILE *f = fopen ("conftest.val", "w");
|   if (! f)
|     return 1;
|   if (((long int) (sizeof (uint32_t))) < 0)
|     {
|       long int i = longval ();
|       if (i != ((long int) (sizeof (uint32_t))))
| 	return 1;
|       fprintf (f, "%ld", i);
|     }
|   else
|     {
|       unsigned long int i = ulongval ();
|       if (i != ((long int) (sizeof (uint32_t))))
| 	return 1;
|       fprintf (f, "%lu", i);
|     }
|   /* Do not output a trailing newline, as this causes \r\n confusion
|      on some platforms.  */
|   return ferror (f) || fclose (f) != 0;
| 
|   ;
|   return 0;
| }
configure:12122: result: 0
configure:12136: checking size of u_int32_t
configure:12141: gcc -o conftest.exe -O20 -fsigned-char -g -O2   conftest.c  >&5
conftest.c: In function `longval':
conftest.c:59: `u_int32_t' undeclared (first use in this function)
conftest.c:59: (Each undeclared identifier is reported only once
conftest.c:59: for each function it appears in.)
conftest.c: In function `ulongval':
conftest.c:60: `u_int32_t' undeclared (first use in this function)
conftest.c: In function `main':
conftest.c:70: `u_int32_t' undeclared (first use in this function)
configure:12141: $? = 1
configure: program exited with status 1
configure: failed program was:
| /* confdefs.h */
| #define PACKAGE_NAME "libogg"
| #define PACKAGE_TARNAME "libogg"
| #define PACKAGE_VERSION "1.3.2"
| #define PACKAGE_STRING "libogg 1.3.2"
| #define PACKAGE_BUGREPORT "ogg-dev@xiph.org"
| #define PACKAGE_URL ""
| #define PACKAGE "libogg"
| #define VERSION "1.3.2"
| #define STDC_HEADERS 1
| #define HAVE_SYS_TYPES_H 1
| #define HAVE_SYS_STAT_H 1
| #define HAVE_STDLIB_H 1
| #define HAVE_STRING_H 1
| #define HAVE_MEMORY_H 1
| #define HAVE_STRINGS_H 1
| #define HAVE_UNISTD_H 1
| #define LT_OBJDIR ".libs/"
| #define STDC_HEADERS 1
| #define SIZEOF_INT16_T 0
| #define SIZEOF_UINT16_T 0
| #define SIZEOF_U_INT16_T 0
| #define SIZEOF_INT32_T 0
| #define SIZEOF_UINT32_T 0
| /* end confdefs.h.  */
| #include <stdio.h>
| #ifdef HAVE_SYS_TYPES_H
| # include <sys/types.h>
| #endif
| #ifdef HAVE_SYS_STAT_H
| # include <sys/stat.h>
| #endif
| #ifdef STDC_HEADERS
| # include <stdlib.h>
| # include <stddef.h>
| #else
| # ifdef HAVE_STDLIB_H
| #  include <stdlib.h>
| # endif
| #endif
| #ifdef HAVE_STRING_H
| # if !defined STDC_HEADERS && defined HAVE_MEMORY_H
| #  include <memory.h>
| # endif
| # include <string.h>
| #endif
| #ifdef HAVE_STRINGS_H
| # include <strings.h>
| #endif
| #ifdef HAVE_INTTYPES_H
| # include <inttypes.h>
| #endif
| #ifdef HAVE_STDINT_H
| # include <stdint.h>
| #endif
| #ifdef HAVE_UNISTD_H
| # include <unistd.h>
| #endif
| static long int longval () { return (long int) (sizeof (u_int32_t)); }
| static unsigned long int ulongval () { return (long int) (sizeof (u_int32_t)); }
| #include <stdio.h>
| #include <stdlib.h>
| int
| main ()
| {
| 
|   FILE *f = fopen ("conftest.val", "w");
|   if (! f)
|     return 1;
|   if (((long int) (sizeof (u_int32_t))) < 0)
|     {
|       long int i = longval ();
|       if (i != ((long int) (sizeof (u_int32_t))))
| 	return 1;
|       fprintf (f, "%ld", i);
|     }
|   else
|     {
|       unsigned long int i = ulongval ();
|       if (i != ((long int) (sizeof (u_int32_t))))
| 	return 1;
|       fprintf (f, "%lu", i);
|     }
|   /* Do not output a trailing newline, as this causes \r\n confusion
|      on some platforms.  */
|   return ferror (f) || fclose (f) != 0;
| 
|   ;
|   return 0;
| }
configure:12155: result: 0
configure:12169: checking size of int64_t
configure:12174: gcc -o conftest.exe -O20 -fsigned-char -g -O2   conftest.c  >&5
conftest.c: In function `longval':
conftest.c:60: `int64_t' undeclared (first use in this function)
conftest.c:60: (Each undeclared identifier is reported only once
conftest.c:60: for each function it appears in.)
conftest.c: In function `ulongval':
conftest.c:61: `int64_t' undeclared (first use in this function)
conftest.c: In function `main':
conftest.c:71: `int64_t' undeclared (first use in this function)
configure:12174: $? = 1
configure: program exited with status 1
configure: failed program was:
| /* confdefs.h */
| #define PACKAGE_NAME "libogg"
| #define PACKAGE_TARNAME "libogg"
| #define PACKAGE_VERSION "1.3.2"
| #define PACKAGE_STRING "libogg 1.3.2"
| #define PACKAGE_BUGREPORT "ogg-dev@xiph.org"
| #define PACKAGE_URL ""
| #define PACKAGE "libogg"
| #define VERSION "1.3.2"
| #define STDC_HEADERS 1
| #define HAVE_SYS_TYPES_H 1
| #define HAVE_SYS_STAT_H 1
| #define HAVE_STDLIB_H 1
| #define HAVE_STRING_H 1
| #define HAVE_MEMORY_H 1
| #define HAVE_STRINGS_H 1
| #define HAVE_UNISTD_H 1
| #define LT_OBJDIR ".libs/"
| #define STDC_HEADERS 1
| #define SIZEOF_INT16_T 0
| #define SIZEOF_UINT16_T 0
| #define SIZEOF_U_INT16_T 0
| #define SIZEOF_INT32_T 0
| #define SIZEOF_UINT32_T 0
| #define SIZEOF_U_INT32_T 0
| /* end confdefs.h.  */
| #include <stdio.h>
| #ifdef HAVE_SYS_TYPES_H
| # include <sys/types.h>
| #endif
| #ifdef HAVE_SYS_STAT_H
| # include <sys/stat.h>
| #endif
| #ifdef STDC_HEADERS
| # include <stdlib.h>
| # include <stddef.h>
| #else
| # ifdef HAVE_STDLIB_H
| #  include <stdlib.h>
| # endif
| #endif
| #ifdef HAVE_STRING_H
| # if !defined STDC_HEADERS && defined HAVE_MEMORY_H
| #  include <memory.h>
| # endif
| # include <string.h>
| #endif
| #ifdef HAVE_STRINGS_H
| # include <strings.h>
| #endif
| #ifdef HAVE_INTTYPES_H
| # include <inttypes.h>
| #endif
| #ifdef HAVE_STDINT_H
| # include <stdint.h>
| #endif
| #ifdef HAVE_UNISTD_H
| # include <unistd.h>
| #endif
| static long int longval () { return (long int) (sizeof (int64_t)); }
| static unsigned long int ulongval () { return (long int) (sizeof (int64_t)); }
| #include <stdio.h>
| #include <stdlib.h>
| int
| main ()
| {
| 
|   FILE *f = fopen ("conftest.val", "w");
|   if (! f)
|     return 1;
|   if (((long int) (sizeof (int64_t))) < 0)
|     {
|       long int i = longval ();
|       if (i != ((long int) (sizeof (int64_t))))
| 	return 1;
|       fprintf (f, "%ld", i);
|     }
|   else
|     {
|       unsigned long int i = ulongval ();
|       if (i != ((long int) (sizeof (int64_t))))
| 	return 1;
|       fprintf (f, "%lu", i);
|     }
|   /* Do not output a trailing newline, as this causes \r\n confusion
|      on some platforms.  */
|   return ferror (f) || fclose (f) != 0;
| 
|   ;
|   return 0;
| }
configure:12188: result: 0
configure:12202: checking size of short
configure:12207: gcc -o conftest.exe -O20 -fsigned-char -g -O2   conftest.c  >&5
configure:12207: $? = 0
configure:12207: ./conftest.exe
configure:12207: $? = 0
configure:12221: result: 2
configure:12235: checking size of int
configure:12240: gcc -o conftest.exe -O20 -fsigned-char -g -O2   conftest.c  >&5
configure:12240: $? = 0
configure:12240: ./conftest.exe
configure:12240: $? = 0
configure:12254: result: 4
configure:12268: checking size of long
configure:12273: gcc -o conftest.exe -O20 -fsigned-char -g -O2   conftest.c  >&5
configure:12273: $? = 0
configure:12273: ./conftest.exe
configure:12273: $? = 0
configure:12287: result: 4
configure:12301: checking size of long long
configure:12306: gcc -o conftest.exe -O20 -fsigned-char -g -O2   conftest.c  >&5
configure:12306: $? = 0
configure:12306: ./conftest.exe
configure:12306: $? = 0
configure:12320: result: 8
configure:12383: checking for working memcmp
configure:12426: gcc -o conftest.exe -O20 -fsigned-char -g -O2   conftest.c  >&5
configure:12426: $? = 0
configure:12426: ./conftest.exe
configure:12426: $? = 0
configure:12436: result: yes
configure:12577: checking that generated files are newer than configure
configure:12583: result: done
configure:12610: creating ./config.status

## ---------------------- ##
## Running config.status. ##
## ---------------------- ##

This file was extended by libogg config.status 1.3.2, which was
generated by GNU Autoconf 2.69.  Invocation command line was

  CONFIG_FILES    = 
  CONFIG_HEADERS  = 
  CONFIG_LINKS    = 
  CONFIG_COMMANDS = 
  $ ./config.status 

on FRANKLAP

config.status:1113: creating Makefile
config.status:1113: creating src/Makefile
config.status:1113: creating doc/Makefile
config.status:1113: creating doc/libogg/Makefile
config.status:1113: creating include/Makefile
config.status:1113: creating include/ogg/Makefile
config.status:1113: creating include/ogg/config_types.h
config.status:1113: creating libogg.spec
config.status:1113: creating ogg.pc
config.status:1113: creating ogg-uninstalled.pc
config.status:1113: creating config.h
config.status:1342: executing depfiles commands
config.status:1342: executing libtool commands

## ---------------- ##
## Cache variables. ##
## ---------------- ##

ac_cv_build=i586-pc-msdosdjgpp
ac_cv_c_compiler_gnu=yes
ac_cv_c_const=yes
ac_cv_env_CC_set=
ac_cv_env_CC_value=
ac_cv_env_CFLAGS_set=
ac_cv_env_CFLAGS_value=
ac_cv_env_CPPFLAGS_set=
ac_cv_env_CPPFLAGS_value=
ac_cv_env_CPP_set=
ac_cv_env_CPP_value=
ac_cv_env_LDFLAGS_set=
ac_cv_env_LDFLAGS_value=
ac_cv_env_LIBS_set=
ac_cv_env_LIBS_value=
ac_cv_env_build_alias_set=
ac_cv_env_build_alias_value=
ac_cv_env_host_alias_set=
ac_cv_env_host_alias_value=
ac_cv_env_target_alias_set=
ac_cv_env_target_alias_value=
ac_cv_exeext=.exe
ac_cv_func_memcmp_working=yes
ac_cv_header_dlfcn_h=no
ac_cv_header_inttypes_h=no
ac_cv_header_memory_h=yes
ac_cv_header_stdc=yes
ac_cv_header_stdint_h=no
ac_cv_header_stdlib_h=yes
ac_cv_header_string_h=yes
ac_cv_header_strings_h=yes
ac_cv_header_sys_stat_h=yes
ac_cv_header_sys_types_h=yes
ac_cv_header_unistd_h=yes
ac_cv_host=i586-pc-msdosdjgpp
ac_cv_objext=o
ac_cv_path_EGREP='c:/djgpp/bin/grep -E'
ac_cv_path_FGREP='c:/djgpp/bin/grep -F'
ac_cv_path_GREP=c:/djgpp/bin/grep
ac_cv_path_SED=c:/djgpp/bin/sed
ac_cv_path_mkdir=c:/djgpp/bin/mkdir
ac_cv_prog_AWK=gawk
ac_cv_prog_CPP='gcc -E'
ac_cv_prog_LN_S='cp -p'
ac_cv_prog_ac_ct_AR=ar
ac_cv_prog_ac_ct_CC=gcc
ac_cv_prog_ac_ct_MANIFEST_TOOL=mt
ac_cv_prog_ac_ct_OBJDUMP=objdump
ac_cv_prog_ac_ct_RANLIB=ranlib
ac_cv_prog_ac_ct_STRIP=strip
ac_cv_prog_cc_c89=
ac_cv_prog_cc_g=yes
ac_cv_prog_cc_gcc_c_o=yes
ac_cv_prog_make_make_set=yes
ac_cv_sizeof_int16_t=0
ac_cv_sizeof_int32_t=0
ac_cv_sizeof_int64_t=0
ac_cv_sizeof_int=4
ac_cv_sizeof_long=4
ac_cv_sizeof_long_long=8
ac_cv_sizeof_short=2
ac_cv_sizeof_u_int16_t=0
ac_cv_sizeof_u_int32_t=0
ac_cv_sizeof_uint16_t=0
ac_cv_sizeof_uint32_t=0
am_cv_CC_dependencies_compiler_type=gcc
am_cv_make_support_nested_variables=yes
lt_cv_ar_at_file=@
lt_cv_deplibs_check_method=unknown
lt_cv_file_magic_cmd='$MAGIC_CMD'
lt_cv_file_magic_test_file=
lt_cv_ld_reload_flag=-r
lt_cv_nm_interface='BSD nm'
lt_cv_objdir=.libs
lt_cv_path_LD=c:/djgpp/bin/ld.exe
lt_cv_path_NM=c:/djgpp/bin/nm
lt_cv_path_mainfest_tool=yes
lt_cv_prog_compiler_c_o=yes
lt_cv_prog_compiler_pic=
lt_cv_prog_compiler_rtti_exceptions=yes
lt_cv_prog_compiler_static_works=yes
lt_cv_prog_gnu_ld=yes
lt_cv_sharedlib_from_linklib_cmd='printf %s\n'
lt_cv_sys_global_symbol_pipe='sed -n -e '\''s/^.*[	 ]\([ABCDGIRSTW][ABCDGIRSTW]*\)[	 ][	 ]*_\([_A-Za-z][_A-Za-z0-9]*\)$/\1 _\2 \2/p'\'' | sed '\''/ __gnu_lto/d'\'''
lt_cv_sys_global_symbol_to_c_name_address='sed -n -e '\''s/^: \([^ ]*\)[ ]*$/  {\"\1\", (void *) 0},/p'\'' -e '\''s/^[ABCDGIRSTW]* \([^ ]*\) \([^ ]*\)$/  {"\2", (void *) \&\2},/p'\'''
lt_cv_sys_global_symbol_to_c_name_address_lib_prefix='sed -n -e '\''s/^: \([^ ]*\)[ ]*$/  {\"\1\", (void *) 0},/p'\'' -e '\''s/^[ABCDGIRSTW]* \([^ ]*\) \(lib[^ ]*\)$/  {"\2", (void *) \&\2},/p'\'' -e '\''s/^[ABCDGIRSTW]* \([^ ]*\) \([^ ]*\)$/  {"lib\2", (void *) \&\2},/p'\'''
lt_cv_sys_global_symbol_to_cdecl='sed -n -e '\''s/^T .* \(.*\)$/extern int \1();/p'\'' -e '\''s/^[ABCDGIRSTW]* .* \(.*\)$/extern char \1;/p'\'''
lt_cv_sys_max_cmd_len=12288
lt_cv_to_host_file_cmd=func_convert_file_noop
lt_cv_to_tool_file_cmd=func_convert_file_noop

## ----------------- ##
## Output variables. ##
## ----------------- ##

ACLOCAL='${SHELL} f:/PROJ/libogg-1.3.2/missing aclocal-1.13'
AMDEPBACKSLASH='\'
AMDEP_FALSE='#'
AMDEP_TRUE=''
AMTAR='$${TAR-tar}'
AM_BACKSLASH='\'
AM_DEFAULT_V='$(AM_DEFAULT_VERBOSITY)'
AM_DEFAULT_VERBOSITY='1'
AM_V='$(V)'
AR='ar'
AUTOCONF='${SHELL} f:/PROJ/libogg-1.3.2/missing autoconf'
AUTOHEADER='${SHELL} f:/PROJ/libogg-1.3.2/missing autoheader'
AUTOMAKE='${SHELL} f:/PROJ/libogg-1.3.2/missing automake-1.13'
AWK='gawk'
CC='gcc'
CCDEPMODE='depmode=gcc'
CFLAGS='-O20 -fsigned-char -g -O2'
CPP='gcc -E'
CPPFLAGS=''
CYGPATH_W='echo'
DEBUG='-g -Wall -fsigned-char -g -O2'
DEFS='-DHAVE_CONFIG_H'
DEPDIR='.deps'
DLLTOOL='false'
DSYMUTIL=''
DUMPBIN=''
ECHO_C=''
ECHO_N='-n'
ECHO_T=''
EGREP='c:/djgpp/bin/grep -E'
EXEEXT='.exe'
FGREP='c:/djgpp/bin/grep -F'
GREP='c:/djgpp/bin/grep'
INCLUDE_INTTYPES_H='0'
INCLUDE_STDINT_H='0'
INCLUDE_SYS_TYPES_H='1'
INSTALL_DATA='${INSTALL} -m 644'
INSTALL_PROGRAM='${INSTALL}'
INSTALL_SCRIPT='${INSTALL}'
INSTALL_STRIP_PROGRAM='$(install_sh) -c -s'
LD='c:/djgpp/bin/ld.exe'
LDFLAGS=''
LIBOBJS=''
LIBS=''
LIBTOOL='$(SHELL) $(top_builddir)/libtool'
LIBTOOL_DEPS='./ltmain.sh'
LIB_AGE='8'
LIB_CURRENT='8'
LIB_REVISION='2'
LIPO=''
LN_S='ln'
LTLIBOBJS=''
MAINT=''
MAINTAINER_MODE_FALSE='#'
MAINTAINER_MODE_TRUE=''
MAKEINFO='${SHELL} f:/PROJ/libogg-1.3.2/missing makeinfo'
MANIFEST_TOOL='mt'
MKDIR_P='c:/djgpp/bin/mkdir -p'
NM='c:/djgpp/bin/nm'
NMEDIT=''
OBJDUMP='objdump'
OBJEXT='o'
OPT=''
OTOOL64=''
OTOOL=''
PACKAGE='libogg'
PACKAGE_BUGREPORT='ogg-dev@xiph.org'
PACKAGE_NAME='libogg'
PACKAGE_STRING='libogg 1.3.2'
PACKAGE_TARNAME='libogg'
PACKAGE_URL=''
PACKAGE_VERSION='1.3.2'
PATH_SEPARATOR=';'
PROFILE='-O20 -g -pg -fsigned-char -g -O2'
RANLIB='ranlib'
SED='c:/djgpp/bin/sed'
SET_MAKE=''
SHELL='/dev/env/DJDIR/bin/sh.exe'
SIZE16='short'
SIZE32='int'
SIZE64='long long'
STRIP='strip'
USIZE16='unsigned short'
USIZE32='unsigned int'
VERSION='1.3.2'
ac_ct_AR='ar'
ac_ct_CC='gcc'
ac_ct_DUMPBIN=''
am__EXEEXT_FALSE='#'
am__EXEEXT_TRUE=''
am__fastdepCC_FALSE=''
am__fastdepCC_TRUE='#'
am__include='include'
am__isrc=''
am__leading_dot='.'
am__nodep='_no'
am__quote=''
am__tar='$${TAR-tar} chof - "$$tardir"'
am__untar='$${TAR-tar} xf -'
bindir='${exec_prefix}/bin'
build='i586-pc-msdosdjgpp'
build_alias=''
build_cpu='i586'
build_os='msdosdjgpp'
build_vendor='pc'
datadir='${datarootdir}'
datarootdir='${prefix}/share'
docdir='${datarootdir}/doc/${PACKAGE_TARNAME}'
dvidir='${docdir}'
exec_prefix='${prefix}'
host='i586-pc-msdosdjgpp'
host_alias=''
host_cpu='i586'
host_os='msdosdjgpp'
host_vendor='pc'
htmldir='${docdir}'
includedir='${prefix}/include'
infodir='${datarootdir}/info'
install_sh='${SHELL} f:/PROJ/libogg-1.3.2/install-sh'
libdir='${exec_prefix}/lib'
libexecdir='${exec_prefix}/libexec'
localedir='${datarootdir}/locale'
localstatedir='${prefix}/var'
mandir='${datarootdir}/man'
mkdir_p='$(MKDIR_P)'
oldincludedir='/usr/include'
pdfdir='${docdir}'
prefix='/dev/env/DJDIR'
program_transform_name='s,x,x,'
psdir='${docdir}'
sbindir='${exec_prefix}/sbin'
sharedstatedir='${prefix}/com'
sysconfdir='${prefix}/etc'
target_alias=''

## ----------- ##
## confdefs.h. ##
## ----------- ##

/* confdefs.h */
#define PACKAGE_NAME "libogg"
#define PACKAGE_TARNAME "libogg"
#define PACKAGE_VERSION "1.3.2"
#define PACKAGE_STRING "libogg 1.3.2"
#define PACKAGE_BUGREPORT "ogg-dev@xiph.org"
#define PACKAGE_URL ""
#define PACKAGE "libogg"
#define VERSION "1.3.2"
#define STDC_HEADERS 1
#define HAVE_SYS_TYPES_H 1
#define HAVE_SYS_STAT_H 1
#define HAVE_STDLIB_H 1
#define HAVE_STRING_H 1
#define HAVE_MEMORY_H 1
#define HAVE_STRINGS_H 1
#define HAVE_UNISTD_H 1
#define LT_OBJDIR ".libs/"
#define STDC_HEADERS 1
#define SIZEOF_INT16_T 0
#define SIZEOF_UINT16_T 0
#define SIZEOF_U_INT16_T 0
#define SIZEOF_INT32_T 0
#define SIZEOF_UINT32_T 0
#define SIZEOF_U_INT32_T 0
#define SIZEOF_INT64_T 0
#define SIZEOF_SHORT 2
#define SIZEOF_INT 4
#define SIZEOF_LONG 4
#define SIZEOF_LONG_LONG 8

configure: exit 0
